2025.03.26 22:23:36 INFO  Started: Metals version 1.5.2 in folders 'C:\Users\HP\AppData\Local\Temp\hello' for client Visual Studio Code 1.97.2.
2025.03.26 22:23:36 INFO  time: initialize in 0.11s
2025.03.26 22:23:38 INFO  no build target found for C:\Users\HP\AppData\Local\Temp\hello\src\main\scala\Main.scala. Using presentation compiler with project's scala-library version: 3.3.5
2025.03.26 22:24:04 INFO  no build target found for C:\Users\HP\AppData\Local\Temp\hello\src\main\scala\Main.scala. Using presentation compiler with project's scala-library version: 3.3.5
2025.03.26 22:26:44 INFO  running 'C:\Program Files\Java\jdk-23\bin\java.exe -Djline.terminal=jline.UnsupportedTerminal -Dsbt.log.noformat=true -Dfile.encoding=UTF-8 -jar C:\Users\HP\AppData\Local\Temp\metals6008600161851624470\sbt-launch.jar -Dbloop.export-jar-classifiers=sources bloopInstall'
2025.03.26 22:26:45 ERROR [info] [launcher] getting org.scala-sbt sbt 1.10.11  (this may take some time)...
2025.03.26 22:27:20 ERROR [info] [launcher] getting Scala 2.12.20 (for sbt)...
2025.03.26 22:27:26 INFO  [info] welcome to sbt 1.10.11 (Oracle Corporation Java 23.0.1)
2025.03.26 22:27:35 INFO  [info] loading settings for project hello-build-build from metals.sbt...
2025.03.26 22:27:38 INFO  [info] loading project definition from C:\Users\HP\AppData\Local\Temp\hello\project\project
2025.03.26 22:27:50 INFO  [info] loading settings for project hello-build from metals.sbt...
2025.03.26 22:27:50 INFO  [info] loading project definition from C:\Users\HP\AppData\Local\Temp\hello\project
2025.03.26 22:28:07 INFO  [success] Generated .bloop\hello-build.json
2025.03.26 22:28:07 INFO  [success] Total time: 17 s, completed Mar 26, 2025, 10:28:07 PM
2025.03.26 22:28:12 INFO  [info] loading settings for project hello from build.sbt...
2025.03.26 22:28:12 INFO  [info] set current project to hello-world (in build file:/C:/Users/HP/AppData/Local/Temp/hello/)
2025.03.26 22:28:33 INFO  [success] Generated .bloop\hello.json
2025.03.26 22:28:33 INFO  [success] Generated .bloop\hello-test.json
2025.03.26 22:28:33 INFO  [success] Total time: 21 s, completed Mar 26, 2025, 10:28:33 PM
2025.03.26 22:28:34 INFO  time: ran 'sbt bloopInstall' in 1m49s
2025.03.26 22:28:34 INFO  Attempting to connect to the build server...
2025.03.26 22:28:34 INFO  No running Bloop server found, starting one.
2025.03.26 22:29:06 INFO  Starting compilation server
2025.03.26 22:29:10 INFO  tracing is disabled for protocol BSP, to enable tracing of incoming and outgoing JSON messages create an empty file at C:\Users\HP\AppData\Local\Temp\hello\.metals\bsp.trace.json or C:\Users\HP\AppData\Local\scalameta\metals\cache\bsp.trace.json
Mar 26, 2025 10:29:13 PM org.eclipse.lsp4j.jsonrpc.services.GenericEndpoint notify
INFO: Unsupported notification method: $/setTrace
2025.03.26 22:29:27 INFO  Attempting to connect to the build server...
2025.03.26 22:29:27 INFO  Found a Bloop server running
2025.03.26 22:29:28 INFO  tracing is disabled for protocol BSP, to enable tracing of incoming and outgoing JSON messages create an empty file at C:\Users\HP\AppData\Local\Temp\hello\project\.metals\bsp.trace.json or C:\Users\HP\AppData\Local\scalameta\metals\cache\bsp.trace.json
2025.03.26 22:29:36 INFO  time: Connected to build server in 1m1s
2025.03.26 22:29:36 INFO  Connected to Build server: Bloop v2.0.9
2025.03.26 22:29:36 INFO  time: Imported build in 0.32s
2025.03.26 22:29:52 WARN  2.13.12 is no longer supported in the current Metals versions, using the last known supported version 1.4.2
Mar 26, 2025 10:30:48 PM scala.meta.internal.metals.StdReporter $anonfun$create$1
WARNING: Java indexer failed with and exception. (full report at: C:\Users\HP\AppData\Local\Temp\hello\.metals\.reports\metals-full\2025-03-26\r_failed-idex-java_22-30-48-429.md)
2025.03.26 22:32:12 INFO  time: indexed workspace in 2m36s
2025.03.26 22:32:17 INFO  compiling hello (1 scala source)
2025.03.26 22:32:46 INFO  time: compiled hello in 29s
2025.03.26 22:36:00 INFO  Shutting down server
2025.03.26 22:36:00 INFO  shutting down Metals
2025.03.26 22:36:00 INFO  Shut down connection with build server.
2025.03.26 22:36:00 INFO  Shut down connection with build server.
2025.03.26 22:36:01 INFO  Exiting server
2025.03.26 22:38:19 INFO  Started: Metals version 1.5.2 in folders 'C:\Users\HP\AppData\Local\Temp\hello' for client Visual Studio Code 1.97.2.
2025.03.26 22:38:22 INFO  no build target found for C:\Users\HP\AppData\Local\Temp\hello\src\main\scala\Main.scala. Using presentation compiler with project's scala-library version: 3.3.5
2025.03.26 22:38:25 INFO  no build target found for C:\Users\HP\AppData\Local\Temp\hello\src\main\scala\Main.scala. Using presentation compiler with project's scala-library version: 3.3.5
2025.03.26 22:38:26 INFO  Attempting to connect to the build server...
2025.03.26 22:38:26 INFO  Found a Bloop server running
2025.03.26 22:38:27 INFO  no build target found for C:\Users\HP\AppData\Local\Temp\hello\src\main\scala\Main.scala. Using presentation compiler with project's scala-library version: 3.3.5
2025.03.26 22:38:28 INFO  tracing is disabled for protocol BSP, to enable tracing of incoming and outgoing JSON messages create an empty file at C:\Users\HP\AppData\Local\Temp\hello\.metals\bsp.trace.json or C:\Users\HP\AppData\Local\scalameta\metals\cache\bsp.trace.json
2025.03.26 22:38:28 INFO  Attempting to connect to the build server...
2025.03.26 22:38:28 INFO  Found a Bloop server running
2025.03.26 22:38:31 INFO  tracing is disabled for protocol BSP, to enable tracing of incoming and outgoing JSON messages create an empty file at C:\Users\HP\AppData\Local\Temp\hello\project\.metals\bsp.trace.json or C:\Users\HP\AppData\Local\scalameta\metals\cache\bsp.trace.json
2025.03.26 22:38:31 INFO  time: Connected to build server in 5.19s
2025.03.26 22:38:31 INFO  Connected to Build server: Bloop v2.0.9
2025.03.26 22:38:31 INFO  time: Imported build in 0.42s
2025.03.26 22:38:34 WARN  2.13.12 is no longer supported in the current Metals versions, using the last known supported version 1.4.2
2025.03.26 22:38:43 INFO  Disconnecting from Bloop session...
2025.03.26 22:38:43 INFO  Shut down connection with build server.
2025.03.26 22:38:43 INFO  Shut down connection with build server.
2025.03.26 22:38:43 INFO  Attempting to connect to the build server...
2025.03.26 22:38:43 INFO  No running Bloop server found, starting one.
2025.03.26 22:38:46 INFO  Starting compilation server
2025.03.26 22:38:53 INFO  time: indexed workspace in 21s
2025.03.26 22:38:54 INFO  tracing is disabled for protocol BSP, to enable tracing of incoming and outgoing JSON messages create an empty file at C:\Users\HP\AppData\Local\Temp\hello\.metals\bsp.trace.json or C:\Users\HP\AppData\Local\scalameta\metals\cache\bsp.trace.json
2025.03.26 22:39:00 INFO  Attempting to connect to the build server...
2025.03.26 22:39:00 INFO  Found a Bloop server running
2025.03.26 22:39:00 INFO  tracing is disabled for protocol BSP, to enable tracing of incoming and outgoing JSON messages create an empty file at C:\Users\HP\AppData\Local\Temp\hello\project\.metals\bsp.trace.json or C:\Users\HP\AppData\Local\scalameta\metals\cache\bsp.trace.json
2025.03.26 22:39:01 INFO  time: Connected to build server in 18s
2025.03.26 22:39:01 INFO  Connected to Build server: Bloop v2.0.9
2025.03.26 22:39:02 INFO  time: Imported build in 0.53s
2025.03.26 22:39:10 INFO  time: indexed workspace in 7.87s
2025.03.26 22:39:13 INFO  compiling hello (1 scala source)
2025.03.26 22:39:26 INFO  time: compiled hello in 12s
2025.03.26 23:01:54 INFO  Started: Metals version 1.5.2 in folders 'C:\Users\HP\AppData\Local\Temp\hello' for client Visual Studio Code 1.97.2.
2025.03.26 23:02:02 INFO  no build target found for C:\Users\HP\AppData\Local\Temp\hello\src\main\scala\Main.scala. Using presentation compiler with project's scala-library version: 3.3.5
2025.03.26 23:02:06 INFO  no build target found for C:\Users\HP\AppData\Local\Temp\hello\src\main\scala\Main.scala. Using presentation compiler with project's scala-library version: 3.3.5
2025.03.26 23:02:06 INFO  Attempting to connect to the build server...
2025.03.26 23:02:06 INFO  No running Bloop server found, starting one.
2025.03.26 23:02:14 INFO  Starting compilation server
2025.03.26 23:02:21 INFO  tracing is disabled for protocol BSP, to enable tracing of incoming and outgoing JSON messages create an empty file at C:\Users\HP\AppData\Local\Temp\hello\.metals\bsp.trace.json or C:\Users\HP\AppData\Local\scalameta\metals\cache\bsp.trace.json
2025.03.26 23:02:32 INFO  Attempting to connect to the build server...
2025.03.26 23:02:32 INFO  Found a Bloop server running
2025.03.26 23:02:33 INFO  tracing is disabled for protocol BSP, to enable tracing of incoming and outgoing JSON messages create an empty file at C:\Users\HP\AppData\Local\Temp\hello\project\.metals\bsp.trace.json or C:\Users\HP\AppData\Local\scalameta\metals\cache\bsp.trace.json
2025.03.26 23:02:33 INFO  time: Connected to build server in 26s
2025.03.26 23:02:33 INFO  Connected to Build server: Bloop v2.0.9
2025.03.26 23:02:33 INFO  time: Imported build in 0.29s
2025.03.26 23:02:33 WARN  2.13.12 is no longer supported in the current Metals versions, using the last known supported version 1.4.2
2025.03.26 23:02:50 INFO  time: indexed workspace in 16s
2025.03.26 23:15:10 INFO  Shutting down server
2025.03.26 23:15:10 INFO  shutting down Metals
2025.03.26 23:15:10 INFO  Shut down connection with build server.
2025.03.26 23:15:10 INFO  Shut down connection with build server.
2025.03.26 23:15:10 INFO  Exiting server
2025.03.26 23:16:18 INFO  Started: Metals version 1.5.2 in folders 'C:\Users\HP\AppData\Local\Temp\hello' for client Visual Studio Code 1.98.2.
2025.03.26 23:16:18 INFO  time: initialize in 0.15s
2025.03.26 23:16:25 INFO  no build target found for C:\Users\HP\AppData\Local\Temp\hello\src\main\scala\Main.scala. Using presentation compiler with project's scala-library version: 3.3.5
2025.03.26 23:16:32 INFO  no build target found for C:\Users\HP\AppData\Local\Temp\hello\src\main\scala\Main.scala. Using presentation compiler with project's scala-library version: 3.3.5
2025.03.26 23:16:33 INFO  Attempting to connect to the build server...
2025.03.26 23:16:33 INFO  Found a Bloop server running
2025.03.26 23:16:36 INFO  tracing is disabled for protocol BSP, to enable tracing of incoming and outgoing JSON messages create an empty file at C:\Users\HP\AppData\Local\Temp\hello\.metals\bsp.trace.json or C:\Users\HP\AppData\Local\scalameta\metals\cache\bsp.trace.json
2025.03.26 23:16:36 INFO  Attempting to connect to the build server...
2025.03.26 23:16:36 INFO  Found a Bloop server running
2025.03.26 23:16:37 INFO  tracing is disabled for protocol BSP, to enable tracing of incoming and outgoing JSON messages create an empty file at C:\Users\HP\AppData\Local\Temp\hello\project\.metals\bsp.trace.json or C:\Users\HP\AppData\Local\scalameta\metals\cache\bsp.trace.json
2025.03.26 23:16:37 INFO  time: Connected to build server in 4.8s
2025.03.26 23:16:37 INFO  Connected to Build server: Bloop v2.0.9
2025.03.26 23:16:38 INFO  time: Imported build in 0.57s
2025.03.26 23:16:41 WARN  2.13.12 is no longer supported in the current Metals versions, using the last known supported version 1.4.2
2025.03.26 23:17:04 INFO  time: indexed workspace in 25s
